<?xml version="1.0" encoding="UTF-8"?>
<!-- Generated by org.testng.reporters.JUnitXMLReporter -->
<testsuite ignored="2" hostname="DESKTOP-FDDI8NE" failures="1" tests="1" name="ChromeTest(failed)" time="0.109" errors="0" timestamp="2024-10-28T15:49:02 IST">
  <testcase classname="com.doms.ProductTest.ElectronicProductTest" name="addProduct" time="0.018">
    <failure type="java.lang.Error" message="Unresolved compilation problems: 
	Syntax error, insert &amp;quot;VariableDeclarators&amp;quot; to complete LocalVariableDeclaration
	Syntax error, insert &amp;quot;;&amp;quot; to complete LocalVariableDeclarationStatement
	erty cannot be resolved
">
      <![CDATA[java.lang.Error: Unresolved compilation problems: 
Syntax error, insert "VariableDeclarators" to complete LocalVariableDeclaration
Syntax error, insert ";" to complete LocalVariableDeclarationStatement
erty cannot be resolved

at com.doms.ProductTest.ElectronicProductTest.addProduct(ElectronicProductTest.java:11)
at java.base/java.util.ArrayList.forEach(ArrayList.java:1511)
... Removed 27 stack frames]]>
    </failure>
  </testcase> <!-- addProduct -->
  <testcase classname="com.doms.ProductTest.ElectronicProductTest" name="updateProduct" time="0.0">
    <ignored/>
  </testcase> <!-- updateProduct -->
  <testcase classname="com.doms.ProductTest.ElectronicProductTest" name="removeProduct" time="0.0">
    <ignored/>
  </testcase> <!-- removeProduct -->
</testsuite> <!-- ChromeTest(failed) -->
