<?xml version="1.0" encoding="UTF-8"?>
<!-- Generated by org.testng.reporters.JUnitXMLReporter -->
<testsuite ignored="0" hostname="DESKTOP-FDDI8NE" failures="0" tests="12" name="ChromeTest" time="0.378" errors="0" timestamp="2024-10-29T08:50:06 IST">
  <testcase classname="com.doms.ProductTest.ElectronicProductTest" name="addProduct" time="0.021"/>
  <testcase classname="com.doms.ProductTest.ElectronicProductTest" name="removeProduct" time="0.011"/>
  <testcase classname="com.doms.ProductTest.ElectronicProductTest" name="updateProduct" time="0.004"/>
  <testcase classname="com.doms.ProductTest.WomensProductTest" name="addProduct" time="0.002"/>
  <testcase classname="com.doms.ProductTest.WomensProductTest" name="removeProduct" time="0.017"/>
  <testcase classname="com.doms.ProductTest.WomensProductTest" name="updateProduct" time="0.019"/>
  <testcase classname="com.doms.ProductTest.MensProductTest" name="addProduct" time="0.01"/>
  <testcase classname="com.doms.ProductTest.MensProductTest" name="removeProduct" time="0.012"/>
  <testcase classname="com.doms.ProductTest.MensProductTest" name="updateProduct" time="0.009"/>
  <testcase classname="com.doms.ProductTest.KidsProductTest" name="addProduct" time="0.003"/>
  <testcase classname="com.doms.ProductTest.KidsProductTest" name="removeProduct" time="0.002"/>
  <testcase classname="com.doms.ProductTest.KidsProductTest" name="updateProduct" time="0.008"/>
</testsuite> <!-- ChromeTest -->
