<?xml version="1.0" encoding="UTF-8"?>
<!-- Generated by org.testng.reporters.JUnitXMLReporter -->
<testsuite ignored="0" hostname="DESKTOP-FDDI8NE" failures="0" tests="3" name="ChromeTest" time="47.944" errors="0" timestamp="2024-11-09T09:26:21 IST">
  <testcase classname="com.doms.WelcomeTest.VerifyWelcomePageTest" name="verifyWelcomepageWithValidInput" time="11.007"/>
  <testcase classname="com.doms.WelcomeTest.VerifyWelcomePageTest" name="verifyWelcomepageWithInvalidInput" time="4.117"/>
  <testcase classname="com.doms.WelcomeTest.VerifyWelcomePageTest" name="verifyWelcomepageWithInvalidInput" time="4.301"/>
</testsuite> <!-- ChromeTest -->
